{
  "stats": {
    "suites": 4,
    "tests": 16,
    "passes": 16,
    "pending": 0,
    "failures": 0,
    "testsRegistered": 16,
    "passPercent": 100,
    "pendingPercent": 0,
    "other": 0,
    "hasOther": false,
    "skipped": 0,
    "hasSkipped": false,
    "start": "2025-04-16T15:48:22.769Z",
    "end": "2025-04-16T15:48:46.344Z",
    "duration": 23575
  },
  "results": [
    {
      "uuid": "9c69629b-4fcb-4faa-b013-04728499485a",
      "title": "",
      "fullFile": "cypress/e2e/navbar.cy.js",
      "file": "cypress/e2e/navbar.cy.js",
      "beforeHooks": [],
      "afterHooks": [],
      "tests": [],
      "suites": [
        {
          "uuid": "56195fb8-d10d-448a-b9ed-66bb5ce98cb2",
          "title": "Navbar Functionality Test",
          "fullFile": "",
          "file": "",
          "beforeHooks": [],
          "afterHooks": [],
          "tests": [
            {
              "title": "Verify Navbar renders all links correctly",
              "fullTitle": "Navbar Functionality Test Verify Navbar renders all links correctly",
              "timedOut": null,
              "duration": 3889,
              "state": "passed",
              "speed": "fast",
              "pass": true,
              "fail": false,
              "pending": false,
              "context": null,
              "code": "cy.get('#nav-overview > a').should('contain', 'Overview').and('have.attr', 'href', '/');\ncy.get('#nav-statistic > a').should('contain', 'Statistic').and('have.attr', 'href', '/statistic');\ncy.get('#nav-prediction > a').should('contain', 'Traffic Prediction').and('have.attr', 'href', '/prediction');",
              "err": {},
              "uuid": "6dcd5307-3b57-4de1-9537-0703b71045c7",
              "parentUUID": "56195fb8-d10d-448a-b9ed-66bb5ce98cb2",
              "isHook": false,
              "skipped": false
            },
            {
              "title": "Verify clicking on a link routes to correct page",
              "fullTitle": "Navbar Functionality Test Verify clicking on a link routes to correct page",
              "timedOut": null,
              "duration": 4908,
              "state": "passed",
              "speed": "fast",
              "pass": true,
              "fail": false,
              "pending": false,
              "context": null,
              "code": "cy.get('#nav-statistic > a').click();\ncy.url().should('include', '/statistic');\ncy.get('#nav-prediction > a').click();\ncy.url().should('include', '/prediction');\ncy.get('#nav-overview > a').click();\ncy.url().should('eq', 'http://localhost:3000/');",
              "err": {},
              "uuid": "376bbded-49c5-43bb-ade8-7b0860fecceb",
              "parentUUID": "56195fb8-d10d-448a-b9ed-66bb5ce98cb2",
              "isHook": false,
              "skipped": false
            }
          ],
          "suites": [],
          "passes": [
            "6dcd5307-3b57-4de1-9537-0703b71045c7",
            "376bbded-49c5-43bb-ade8-7b0860fecceb"
          ],
          "failures": [],
          "pending": [],
          "skipped": [],
          "duration": 8797,
          "root": false,
          "rootEmpty": false,
          "_timeout": 2000
        }
      ],
      "passes": [],
      "failures": [],
      "pending": [],
      "skipped": [],
      "duration": 0,
      "root": true,
      "rootEmpty": true,
      "_timeout": 2000
    },
    {
      "uuid": "9fc6e91d-3dc7-4bec-9b23-32c240603334",
      "title": "",
      "fullFile": "cypress/e2e/overview.cy.js",
      "file": "cypress/e2e/overview.cy.js",
      "beforeHooks": [],
      "afterHooks": [],
      "tests": [],
      "suites": [
        {
          "uuid": "022ebe11-290e-4a0e-9acf-1990de823373",
          "title": "Overview Page Test",
          "fullFile": "",
          "file": "",
          "beforeHooks": [],
          "afterHooks": [],
          "tests": [
            {
              "title": "Verify the light vs Speed chart displays",
              "fullTitle": "Overview Page Test Verify the light vs Speed chart displays",
              "timedOut": null,
              "duration": 428,
              "state": "passed",
              "speed": "fast",
              "pass": true,
              "fail": false,
              "pending": false,
              "context": null,
              "code": "cy.contains('Light vs Speed').scrollIntoView().should('be.visible');\ncy.get('#light-speed-chart').scrollIntoView().should('exist');",
              "err": {},
              "uuid": "1f1e678a-56f9-4f5f-bd75-5abb2163eeb4",
              "parentUUID": "022ebe11-290e-4a0e-9acf-1990de823373",
              "isHook": false,
              "skipped": false
            },
            {
              "title": "Verify the PM2.5 vs Travel Time chart displays",
              "fullTitle": "Overview Page Test Verify the PM2.5 vs Travel Time chart displays",
              "timedOut": null,
              "duration": 369,
              "state": "passed",
              "speed": "fast",
              "pass": true,
              "fail": false,
              "pending": false,
              "context": null,
              "code": "cy.contains('PM2.5 vs Travel Time').scrollIntoView().should('be.visible');\ncy.get('#pm-time-chart').scrollIntoView().should('exist');",
              "err": {},
              "uuid": "ecebc978-0d58-44f1-bba9-4cce068a165a",
              "parentUUID": "022ebe11-290e-4a0e-9acf-1990de823373",
              "isHook": false,
              "skipped": false
            },
            {
              "title": "Verify the PM2.5 vs Speed chart displays correctly based on data",
              "fullTitle": "Overview Page Test Verify the PM2.5 vs Speed chart displays correctly based on data",
              "timedOut": null,
              "duration": 418,
              "state": "passed",
              "speed": "fast",
              "pass": true,
              "fail": false,
              "pending": false,
              "context": null,
              "code": "cy.contains('PM2.5 vs Speed').should('be.visible');\ncy.get('#pm-speed-chart').should('exist');",
              "err": {},
              "uuid": "52db7f24-a422-4618-a3b9-34ac8e82331b",
              "parentUUID": "022ebe11-290e-4a0e-9acf-1990de823373",
              "isHook": false,
              "skipped": false
            },
            {
              "title": "Verify the Correlation Matrix table displays correctly based on data",
              "fullTitle": "Overview Page Test Verify the Correlation Matrix table displays correctly based on data",
              "timedOut": null,
              "duration": 1293,
              "state": "passed",
              "speed": "fast",
              "pass": true,
              "fail": false,
              "pending": false,
              "context": null,
              "code": "cy.contains('Correlation Matrix').should('be.visible');\ncy.get('#traffic-weather-correlation').should('exist');\ncy.get('#traffic-weather-correlation').within(() => {\n  cy.contains('current_speed').should('exist');\n  cy.contains('pm2_5').should('exist');\n  cy.contains('1.00').should('exist');\n});",
              "err": {},
              "uuid": "d6252f0d-0878-45a2-9a67-5d9c933f0ab7",
              "parentUUID": "022ebe11-290e-4a0e-9acf-1990de823373",
              "isHook": false,
              "skipped": false
            }
          ],
          "suites": [],
          "passes": [
            "1f1e678a-56f9-4f5f-bd75-5abb2163eeb4",
            "ecebc978-0d58-44f1-bba9-4cce068a165a",
            "52db7f24-a422-4618-a3b9-34ac8e82331b",
            "d6252f0d-0878-45a2-9a67-5d9c933f0ab7"
          ],
          "failures": [],
          "pending": [],
          "skipped": [],
          "duration": 2508,
          "root": false,
          "rootEmpty": false,
          "_timeout": 2000
        }
      ],
      "passes": [],
      "failures": [],
      "pending": [],
      "skipped": [],
      "duration": 0,
      "root": true,
      "rootEmpty": true,
      "_timeout": 2000
    },
    {
      "uuid": "5e41ebc1-fabb-4d82-8756-42e3f440361f",
      "title": "",
      "fullFile": "cypress/e2e/prediction.cy.js",
      "file": "cypress/e2e/prediction.cy.js",
      "beforeHooks": [],
      "afterHooks": [],
      "tests": [],
      "suites": [
        {
          "uuid": "4cfeec0d-0876-442f-80ab-e013aba5fd85",
          "title": "Prediction Page Tests",
          "fullFile": "",
          "file": "",
          "beforeHooks": [],
          "afterHooks": [],
          "tests": [
            {
              "title": "Verify that the weather input field is displayed",
              "fullTitle": "Prediction Page Tests Verify that the weather input field is displayed",
              "timedOut": null,
              "duration": 395,
              "state": "passed",
              "speed": "fast",
              "pass": true,
              "fail": false,
              "pending": false,
              "context": null,
              "code": "cy.get('input').should('have.length', 4);\ncy.get('#light-input').should('exist');\ncy.get('#temperature-input').should('exist');\ncy.get('#humidity-input').should('exist');\ncy.get('#pm-input').should('exist');",
              "err": {},
              "uuid": "02722716-3807-4c6c-a591-c0f88fa9085c",
              "parentUUID": "4cfeec0d-0876-442f-80ab-e013aba5fd85",
              "isHook": false,
              "skipped": false
            },
            {
              "title": "Verify that the weather input fields accept valid input and return correct values",
              "fullTitle": "Prediction Page Tests Verify that the weather input fields accept valid input and return correct values",
              "timedOut": null,
              "duration": 1159,
              "state": "passed",
              "speed": "fast",
              "pass": true,
              "fail": false,
              "pending": false,
              "context": null,
              "code": "cy.get('#light-input').type('270', {\n  force: true\n}).should('have.value', '270');\ncy.get('#temperature-input').type('70', {\n  force: true\n}).should('have.value', '70');\ncy.get('#humidity-input').type('35', {\n  force: true\n}).should('have.value', '35');\ncy.get('#pm-input').type('30', {\n  force: true\n}).should('have.value', '30');",
              "err": {},
              "uuid": "b05ddb3a-d47d-4320-b020-ea2000bd050f",
              "parentUUID": "4cfeec0d-0876-442f-80ab-e013aba5fd85",
              "isHook": false,
              "skipped": false
            },
            {
              "title": "Verify that the traffic flow prediction result is displayed",
              "fullTitle": "Prediction Page Tests Verify that the traffic flow prediction result is displayed",
              "timedOut": null,
              "duration": 1248,
              "state": "passed",
              "speed": "fast",
              "pass": true,
              "fail": false,
              "pending": false,
              "context": null,
              "code": "cy.get('#light-input').type('270', {\n  force: true\n});\ncy.get('#temperature-input').type('70', {\n  force: true\n});\ncy.get('#humidity-input').type('35', {\n  force: true\n});\ncy.get('#pm-input').type('30', {\n  force: true\n});\ncy.get('#predict-button').click();\ncy.get('#prediction-card > .grid').should('exist');",
              "err": {},
              "uuid": "e73b20ed-bb82-45a9-bc13-570f2ff08e97",
              "parentUUID": "4cfeec0d-0876-442f-80ab-e013aba5fd85",
              "isHook": false,
              "skipped": false
            }
          ],
          "suites": [],
          "passes": [
            "02722716-3807-4c6c-a591-c0f88fa9085c",
            "b05ddb3a-d47d-4320-b020-ea2000bd050f",
            "e73b20ed-bb82-45a9-bc13-570f2ff08e97"
          ],
          "failures": [],
          "pending": [],
          "skipped": [],
          "duration": 2802,
          "root": false,
          "rootEmpty": false,
          "_timeout": 2000
        }
      ],
      "passes": [],
      "failures": [],
      "pending": [],
      "skipped": [],
      "duration": 0,
      "root": true,
      "rootEmpty": true,
      "_timeout": 2000
    },
    {
      "uuid": "ff3b7397-46ae-42bf-997f-09dfc7f2aae8",
      "title": "",
      "fullFile": "cypress/e2e/statistic.cy.js",
      "file": "cypress/e2e/statistic.cy.js",
      "beforeHooks": [],
      "afterHooks": [],
      "tests": [],
      "suites": [
        {
          "uuid": "3dcc6865-b323-404f-978f-2d233303ca69",
          "title": "Statistic Page Tests",
          "fullFile": "",
          "file": "",
          "beforeHooks": [],
          "afterHooks": [],
          "tests": [
            {
              "title": "Verify that the Menu Bar on the Statistic page exists",
              "fullTitle": "Statistic Page Tests Verify that the Menu Bar on the Statistic page exists",
              "timedOut": null,
              "duration": 379,
              "state": "passed",
              "speed": "fast",
              "pass": true,
              "fail": false,
              "pending": false,
              "context": null,
              "code": "cy.get('#statistic-menu-bar').should('exist');\ncy.get('#descriptive > a').should('exist');\ncy.get('#distribution > a').should('exist');\ncy.get('#correlation > a').should('exist');",
              "err": {},
              "uuid": "e7cc8f49-6a09-44d5-b095-f0ae4d75ed87",
              "parentUUID": "3dcc6865-b323-404f-978f-2d233303ca69",
              "isHook": false,
              "skipped": false
            },
            {
              "title": "Verify that Descriptive Component on the Menu Bar",
              "fullTitle": "Statistic Page Tests Verify that Descriptive Component on the Menu Bar",
              "timedOut": null,
              "duration": 860,
              "state": "passed",
              "speed": "fast",
              "pass": true,
              "fail": false,
              "pending": false,
              "context": null,
              "code": "cy.get('#descriptive > a').click();\ncy.contains('Sensor Data Descriptive').should('be.visible');",
              "err": {},
              "uuid": "c08b5fa3-bf7f-4e99-aacf-f00c72d743b2",
              "parentUUID": "3dcc6865-b323-404f-978f-2d233303ca69",
              "isHook": false,
              "skipped": false
            },
            {
              "title": "Verify that all weather descriptive data is shown when Descriptive menu is selected",
              "fullTitle": "Statistic Page Tests Verify that all weather descriptive data is shown when Descriptive menu is selected",
              "timedOut": null,
              "duration": 540,
              "state": "passed",
              "speed": "fast",
              "pass": true,
              "fail": false,
              "pending": false,
              "context": null,
              "code": "cy.get('#descriptive > a').click();\ncy.contains('Light').should('be.visible');\ncy.get('#light-descriptive-card > .card-body').should('exist');\ncy.contains('Temperature').should('be.visible');\ncy.get('#humidity-descriptive-card > .card-body').should('exist');\ncy.contains('Humidity').should('be.visible');\ncy.get('#temperature-descriptive-card > .card-body').should('exist');\ncy.contains('Pm 2.5').should('be.visible');\ncy.get('#pm-descriptive-card > .card-body').should('exist');",
              "err": {},
              "uuid": "e5095798-c878-41de-9561-8a10a7db8138",
              "parentUUID": "3dcc6865-b323-404f-978f-2d233303ca69",
              "isHook": false,
              "skipped": false
            },
            {
              "title": "Verify that clicking on each Distribution menu item routes to the correct content/section",
              "fullTitle": "Statistic Page Tests Verify that clicking on each Distribution menu item routes to the correct content/section",
              "timedOut": null,
              "duration": 641,
              "state": "passed",
              "speed": "fast",
              "pass": true,
              "fail": false,
              "pending": false,
              "context": null,
              "code": "cy.get('#distribution > a').click();\ncy.contains('Sensor Data Distribution').should('be.visible');",
              "err": {},
              "uuid": "1cc12820-fc65-4521-99da-7acbba5ff56f",
              "parentUUID": "3dcc6865-b323-404f-978f-2d233303ca69",
              "isHook": false,
              "skipped": false
            },
            {
              "title": "Verify that all distribution chart is shown when Distribution menu is selected",
              "fullTitle": "Statistic Page Tests Verify that all distribution chart is shown when Distribution menu is selected",
              "timedOut": null,
              "duration": 860,
              "state": "passed",
              "speed": "fast",
              "pass": true,
              "fail": false,
              "pending": false,
              "context": null,
              "code": "cy.get('#distribution > a').click();\ncy.contains('Light Distribution').should('be.visible');\ncy.get('#light-distribution').should('exist');\ncy.contains('Temperature Distribution').should('be.visible');\ncy.get('#temperature-distribution').should('exist');\ncy.contains('Humidity Distribution').scrollIntoView().should('be.visible');\ncy.get('#humidity-distribution').scrollIntoView().should('exist');\ncy.contains('Pm2.5 Distribution').scrollIntoView().should('be.visible');\ncy.get('#pm-distribution').scrollIntoView().should('exist');",
              "err": {},
              "uuid": "06a4a4d9-9f1f-4f0b-ade3-f013168ca36d",
              "parentUUID": "3dcc6865-b323-404f-978f-2d233303ca69",
              "isHook": false,
              "skipped": false
            },
            {
              "title": "Verify that clicking on each Correlation menu item routes to the correct content/section",
              "fullTitle": "Statistic Page Tests Verify that clicking on each Correlation menu item routes to the correct content/section",
              "timedOut": null,
              "duration": 640,
              "state": "passed",
              "speed": "fast",
              "pass": true,
              "fail": false,
              "pending": false,
              "context": null,
              "code": "cy.get('#correlation > a').click();\ncy.contains('Sensor Data Correlation').should('be.visible');",
              "err": {},
              "uuid": "8b0d7fa8-ab16-48bf-9570-bf0d64acf728",
              "parentUUID": "3dcc6865-b323-404f-978f-2d233303ca69",
              "isHook": false,
              "skipped": false
            },
            {
              "title": "Verify that weather correlation table is shown when Distribution menu is selected",
              "fullTitle": "Statistic Page Tests Verify that weather correlation table is shown when Distribution menu is selected",
              "timedOut": null,
              "duration": 717,
              "state": "passed",
              "speed": "fast",
              "pass": true,
              "fail": false,
              "pending": false,
              "context": null,
              "code": "cy.get('#correlation > a').click();\ncy.get('#weather-correlation').should('exist');",
              "err": {},
              "uuid": "59764acd-d963-4b9b-9cbd-5d102c7a1285",
              "parentUUID": "3dcc6865-b323-404f-978f-2d233303ca69",
              "isHook": false,
              "skipped": false
            }
          ],
          "suites": [],
          "passes": [
            "e7cc8f49-6a09-44d5-b095-f0ae4d75ed87",
            "c08b5fa3-bf7f-4e99-aacf-f00c72d743b2",
            "e5095798-c878-41de-9561-8a10a7db8138",
            "1cc12820-fc65-4521-99da-7acbba5ff56f",
            "06a4a4d9-9f1f-4f0b-ade3-f013168ca36d",
            "8b0d7fa8-ab16-48bf-9570-bf0d64acf728",
            "59764acd-d963-4b9b-9cbd-5d102c7a1285"
          ],
          "failures": [],
          "pending": [],
          "skipped": [],
          "duration": 4637,
          "root": false,
          "rootEmpty": false,
          "_timeout": 2000
        }
      ],
      "passes": [],
      "failures": [],
      "pending": [],
      "skipped": [],
      "duration": 0,
      "root": true,
      "rootEmpty": true,
      "_timeout": 2000
    }
  ],
  "meta": {
    "mocha": {
      "version": "7.2.0"
    },
    "mochawesome": {
      "options": {
        "quiet": false,
        "reportFilename": "mochawesome",
        "saveHtml": false,
        "saveJson": true,
        "consoleReporter": "spec",
        "useInlineDiffs": false,
        "code": true
      },
      "version": "7.1.3"
    },
    "marge": {
      "options": {
        "reportDir": "cypress/reports",
        "overwrite": false,
        "html": false,
        "json": true
      },
      "version": "6.2.0"
    }
  }
}