{
  "stats": {
    "suites": 4,
    "tests": 16,
    "passes": 16,
    "pending": 0,
    "failures": 0,
    "testsRegistered": 16,
    "passPercent": 100,
    "pendingPercent": 0,
    "other": 0,
    "hasOther": false,
    "skipped": 0,
    "hasSkipped": false,
    "start": "2025-04-16T07:58:04.592Z",
    "end": "2025-04-16T07:58:18.176Z",
    "duration": 13584
  },
  "results": [
    {
      "uuid": "8b9bb617-ff84-4451-a0d0-52b3d85b64c1",
      "title": "",
      "fullFile": "cypress/e2e/navbar.cy.js",
      "file": "cypress/e2e/navbar.cy.js",
      "beforeHooks": [],
      "afterHooks": [],
      "tests": [],
      "suites": [
        {
          "uuid": "7c2ac615-768a-4ab2-a73d-d74dd56809cb",
          "title": "Navbar Functionality Test",
          "fullFile": "",
          "file": "",
          "beforeHooks": [],
          "afterHooks": [],
          "tests": [
            {
              "title": "TC_02: Verify Navbar renders all links correctly",
              "fullTitle": "Navbar Functionality Test TC_02: Verify Navbar renders all links correctly",
              "timedOut": null,
              "duration": 395,
              "state": "passed",
              "speed": "fast",
              "pass": true,
              "fail": false,
              "pending": false,
              "context": null,
              "code": "cy.get('#nav-overview > a').should('contain', 'Overview').and('have.attr', 'href', '/');\ncy.get('#nav-statistic > a').should('contain', 'Statistic').and('have.attr', 'href', '/statistic');\ncy.get('#nav-prediction > a').should('contain', 'Traffic Prediction').and('have.attr', 'href', '/prediction');",
              "err": {},
              "uuid": "19e1c508-e460-4dfb-a42f-7d47684d6a61",
              "parentUUID": "7c2ac615-768a-4ab2-a73d-d74dd56809cb",
              "isHook": false,
              "skipped": false
            },
            {
              "title": "TC_03: Verify clicking on a link routes to correct page",
              "fullTitle": "Navbar Functionality Test TC_03: Verify clicking on a link routes to correct page",
              "timedOut": null,
              "duration": 2403,
              "state": "passed",
              "speed": "fast",
              "pass": true,
              "fail": false,
              "pending": false,
              "context": null,
              "code": "cy.get('#nav-statistic > a').click();\ncy.url().should('include', '/statistic');\ncy.get('#nav-prediction > a').click();\ncy.url().should('include', '/prediction');\ncy.get('#nav-overview > a').click();\ncy.url().should('eq', 'http://localhost:3000/');",
              "err": {},
              "uuid": "12ceaf3d-9a7c-42b4-9a87-9c0b785e5dae",
              "parentUUID": "7c2ac615-768a-4ab2-a73d-d74dd56809cb",
              "isHook": false,
              "skipped": false
            }
          ],
          "suites": [],
          "passes": [
            "19e1c508-e460-4dfb-a42f-7d47684d6a61",
            "12ceaf3d-9a7c-42b4-9a87-9c0b785e5dae"
          ],
          "failures": [],
          "pending": [],
          "skipped": [],
          "duration": 2798,
          "root": false,
          "rootEmpty": false,
          "_timeout": 2000
        }
      ],
      "passes": [],
      "failures": [],
      "pending": [],
      "skipped": [],
      "duration": 0,
      "root": true,
      "rootEmpty": true,
      "_timeout": 2000
    },
    {
      "uuid": "1f9d7267-996e-4857-a9fc-1bff245c64d3",
      "title": "",
      "fullFile": "cypress/e2e/overview.cy.js",
      "file": "cypress/e2e/overview.cy.js",
      "beforeHooks": [],
      "afterHooks": [],
      "tests": [],
      "suites": [
        {
          "uuid": "a47ed0a5-44e5-4bef-b54a-2d2693c88ba0",
          "title": "Overview Page Test",
          "fullFile": "",
          "file": "",
          "beforeHooks": [],
          "afterHooks": [],
          "tests": [
            {
              "title": "TC_07: Verify the light vs Speed chart displays",
              "fullTitle": "Overview Page Test TC_07: Verify the light vs Speed chart displays",
              "timedOut": null,
              "duration": 401,
              "state": "passed",
              "speed": "fast",
              "pass": true,
              "fail": false,
              "pending": false,
              "context": null,
              "code": "cy.contains('Light vs Speed').scrollIntoView().should('be.visible');\ncy.get('#light-speed-chart').scrollIntoView().should('exist');",
              "err": {},
              "uuid": "45aecf86-1ae1-4867-9c47-ceb1df18aeb7",
              "parentUUID": "a47ed0a5-44e5-4bef-b54a-2d2693c88ba0",
              "isHook": false,
              "skipped": false
            },
            {
              "title": "TC_08: Verify the PM2.5 vs Travel Time chart displays",
              "fullTitle": "Overview Page Test TC_08: Verify the PM2.5 vs Travel Time chart displays",
              "timedOut": null,
              "duration": 261,
              "state": "passed",
              "speed": "fast",
              "pass": true,
              "fail": false,
              "pending": false,
              "context": null,
              "code": "cy.contains('PM2.5 vs Travel Time').scrollIntoView().should('be.visible');\ncy.get('#pm-time-chart').scrollIntoView().should('exist');",
              "err": {},
              "uuid": "0095edf6-3f86-4f98-abd7-c39577dab9a9",
              "parentUUID": "a47ed0a5-44e5-4bef-b54a-2d2693c88ba0",
              "isHook": false,
              "skipped": false
            },
            {
              "title": "TC_09: Verify the PM2.5 vs Speed chart displays correctly based on data",
              "fullTitle": "Overview Page Test TC_09: Verify the PM2.5 vs Speed chart displays correctly based on data",
              "timedOut": null,
              "duration": 257,
              "state": "passed",
              "speed": "fast",
              "pass": true,
              "fail": false,
              "pending": false,
              "context": null,
              "code": "cy.contains('PM2.5 vs Speed').should('be.visible');\ncy.get('#pm-speed-chart').should('exist');",
              "err": {},
              "uuid": "109dcce1-126e-48b7-bf96-2014f5d60b08",
              "parentUUID": "a47ed0a5-44e5-4bef-b54a-2d2693c88ba0",
              "isHook": false,
              "skipped": false
            },
            {
              "title": "TC_10: Verify the Correlation Matrix table displays correctly based on data",
              "fullTitle": "Overview Page Test TC_10: Verify the Correlation Matrix table displays correctly based on data",
              "timedOut": null,
              "duration": 1132,
              "state": "passed",
              "speed": "fast",
              "pass": true,
              "fail": false,
              "pending": false,
              "context": null,
              "code": "cy.contains('Correlation Matrix').should('be.visible');\ncy.get('#traffic-weather-correlation').should('exist');\ncy.get('#traffic-weather-correlation').within(() => {\n  cy.contains('current_speed').should('exist');\n  cy.contains('pm2_5').should('exist');\n  cy.contains('1.00').should('exist');\n});",
              "err": {},
              "uuid": "119d3d8b-b243-4a17-95b1-da8464360180",
              "parentUUID": "a47ed0a5-44e5-4bef-b54a-2d2693c88ba0",
              "isHook": false,
              "skipped": false
            }
          ],
          "suites": [],
          "passes": [
            "45aecf86-1ae1-4867-9c47-ceb1df18aeb7",
            "0095edf6-3f86-4f98-abd7-c39577dab9a9",
            "109dcce1-126e-48b7-bf96-2014f5d60b08",
            "119d3d8b-b243-4a17-95b1-da8464360180"
          ],
          "failures": [],
          "pending": [],
          "skipped": [],
          "duration": 2051,
          "root": false,
          "rootEmpty": false,
          "_timeout": 2000
        }
      ],
      "passes": [],
      "failures": [],
      "pending": [],
      "skipped": [],
      "duration": 0,
      "root": true,
      "rootEmpty": true,
      "_timeout": 2000
    },
    {
      "uuid": "8ce2ad88-0ead-402d-9971-eea22fa0a2a9",
      "title": "",
      "fullFile": "cypress/e2e/prediction.cy.js",
      "file": "cypress/e2e/prediction.cy.js",
      "beforeHooks": [],
      "afterHooks": [],
      "tests": [],
      "suites": [
        {
          "uuid": "1fa82b7e-f04c-4d71-affd-e6f55c6d07f4",
          "title": "Prediction Page Tests",
          "fullFile": "",
          "file": "",
          "beforeHooks": [],
          "afterHooks": [],
          "tests": [
            {
              "title": "TC_24: Verify that the weather input field is displayed",
              "fullTitle": "Prediction Page Tests TC_24: Verify that the weather input field is displayed",
              "timedOut": null,
              "duration": 330,
              "state": "passed",
              "speed": "fast",
              "pass": true,
              "fail": false,
              "pending": false,
              "context": null,
              "code": "cy.get('input').should('have.length', 4);\ncy.get('#light-input').should('exist');\ncy.get('#temperature-input').should('exist');\ncy.get('#humidity-input').should('exist');\ncy.get('#pm-input').should('exist');",
              "err": {},
              "uuid": "bfe55f2f-8a54-4b9a-8598-86e573e604bb",
              "parentUUID": "1fa82b7e-f04c-4d71-affd-e6f55c6d07f4",
              "isHook": false,
              "skipped": false
            },
            {
              "title": "TC_25: Verify that the weather input fields accept valid input and return correct values",
              "fullTitle": "Prediction Page Tests TC_25: Verify that the weather input fields accept valid input and return correct values",
              "timedOut": null,
              "duration": 822,
              "state": "passed",
              "speed": "fast",
              "pass": true,
              "fail": false,
              "pending": false,
              "context": null,
              "code": "cy.get('#light-input').type('270', {\n  force: true\n}).should('have.value', '270');\ncy.get('#temperature-input').type('70', {\n  force: true\n}).should('have.value', '70');\ncy.get('#humidity-input').type('35', {\n  force: true\n}).should('have.value', '35');\ncy.get('#pm-input').type('30', {\n  force: true\n}).should('have.value', '30');",
              "err": {},
              "uuid": "27fa8196-7b02-4bee-a0c2-5c54b15b6a21",
              "parentUUID": "1fa82b7e-f04c-4d71-affd-e6f55c6d07f4",
              "isHook": false,
              "skipped": false
            },
            {
              "title": "TC_27: Verify that the traffic flow prediction result is displayed",
              "fullTitle": "Prediction Page Tests TC_27: Verify that the traffic flow prediction result is displayed",
              "timedOut": null,
              "duration": 1264,
              "state": "passed",
              "speed": "fast",
              "pass": true,
              "fail": false,
              "pending": false,
              "context": null,
              "code": "cy.get('#light-input').type('270', {\n  force: true\n});\ncy.get('#temperature-input').type('70', {\n  force: true\n});\ncy.get('#humidity-input').type('35', {\n  force: true\n});\ncy.get('#pm-input').type('30', {\n  force: true\n});\ncy.get('#predict-button').click();\ncy.get('#prediction-card > .grid').should('exist');",
              "err": {},
              "uuid": "0c125fe0-2151-40ae-9875-709854c59409",
              "parentUUID": "1fa82b7e-f04c-4d71-affd-e6f55c6d07f4",
              "isHook": false,
              "skipped": false
            }
          ],
          "suites": [],
          "passes": [
            "bfe55f2f-8a54-4b9a-8598-86e573e604bb",
            "27fa8196-7b02-4bee-a0c2-5c54b15b6a21",
            "0c125fe0-2151-40ae-9875-709854c59409"
          ],
          "failures": [],
          "pending": [],
          "skipped": [],
          "duration": 2416,
          "root": false,
          "rootEmpty": false,
          "_timeout": 2000
        }
      ],
      "passes": [],
      "failures": [],
      "pending": [],
      "skipped": [],
      "duration": 0,
      "root": true,
      "rootEmpty": true,
      "_timeout": 2000
    },
    {
      "uuid": "3ba5f1af-657d-44c2-a7d0-91f26eaad63b",
      "title": "",
      "fullFile": "cypress/e2e/statistic.cy.js",
      "file": "cypress/e2e/statistic.cy.js",
      "beforeHooks": [],
      "afterHooks": [],
      "tests": [],
      "suites": [
        {
          "uuid": "f308933e-d02e-4b69-ac4f-a18e1911ef61",
          "title": "Statistic Page Tests",
          "fullFile": "",
          "file": "",
          "beforeHooks": [],
          "afterHooks": [],
          "tests": [
            {
              "title": "TC_11: Verify that the Menu Bar on the Statistic page exists",
              "fullTitle": "Statistic Page Tests TC_11: Verify that the Menu Bar on the Statistic page exists",
              "timedOut": null,
              "duration": 339,
              "state": "passed",
              "speed": "fast",
              "pass": true,
              "fail": false,
              "pending": false,
              "context": null,
              "code": "cy.get('#statistic-menu-bar').should('exist');\ncy.get('#descriptive > a').should('exist');\ncy.get('#distribution > a').should('exist');\ncy.get('#correlation > a').should('exist');",
              "err": {},
              "uuid": "4b96c846-8bcf-4789-90c2-233180e07bed",
              "parentUUID": "f308933e-d02e-4b69-ac4f-a18e1911ef61",
              "isHook": false,
              "skipped": false
            },
            {
              "title": "TC_12: Verify that Descriptive Component on the Menu Bar",
              "fullTitle": "Statistic Page Tests TC_12: Verify that Descriptive Component on the Menu Bar",
              "timedOut": null,
              "duration": 400,
              "state": "passed",
              "speed": "fast",
              "pass": true,
              "fail": false,
              "pending": false,
              "context": null,
              "code": "cy.get('#descriptive > a').click();\ncy.contains('Sensor Data Descriptive').should('be.visible');",
              "err": {},
              "uuid": "ca64fdbf-c437-497d-83cb-e1200b82af99",
              "parentUUID": "f308933e-d02e-4b69-ac4f-a18e1911ef61",
              "isHook": false,
              "skipped": false
            },
            {
              "title": "TC_15: Verify that all weather descriptive data is shown when Descriptive menu is selected",
              "fullTitle": "Statistic Page Tests TC_15: Verify that all weather descriptive data is shown when Descriptive menu is selected",
              "timedOut": null,
              "duration": 365,
              "state": "passed",
              "speed": "fast",
              "pass": true,
              "fail": false,
              "pending": false,
              "context": null,
              "code": "cy.get('#descriptive > a').click();\ncy.contains('Light').should('be.visible');\ncy.get('#light-descriptive-card > .card-body').should('exist');\ncy.contains('Temperature').should('be.visible');\ncy.get('#humidity-descriptive-card > .card-body').should('exist');\ncy.contains('Humidity').should('be.visible');\ncy.get('#temperature-descriptive-card > .card-body').should('exist');\ncy.contains('Pm 2.5').should('be.visible');\ncy.get('#pm-descriptive-card > .card-body').should('exist');",
              "err": {},
              "uuid": "0b9372a4-12ad-4992-b5e1-fb0267b57261",
              "parentUUID": "f308933e-d02e-4b69-ac4f-a18e1911ef61",
              "isHook": false,
              "skipped": false
            },
            {
              "title": "TC_16: Verify that clicking on each Distribution menu item routes to the correct content/section",
              "fullTitle": "Statistic Page Tests TC_16: Verify that clicking on each Distribution menu item routes to the correct content/section",
              "timedOut": null,
              "duration": 388,
              "state": "passed",
              "speed": "fast",
              "pass": true,
              "fail": false,
              "pending": false,
              "context": null,
              "code": "cy.get('#distribution > a').click();\ncy.contains('Sensor Data Distribution').should('be.visible');",
              "err": {},
              "uuid": "214658f1-7782-4456-b16b-a39c0eab439c",
              "parentUUID": "f308933e-d02e-4b69-ac4f-a18e1911ef61",
              "isHook": false,
              "skipped": false
            },
            {
              "title": "TC_19: Verify that all distribution chart is shown when Distribution menu is selected",
              "fullTitle": "Statistic Page Tests TC_19: Verify that all distribution chart is shown when Distribution menu is selected",
              "timedOut": null,
              "duration": 441,
              "state": "passed",
              "speed": "fast",
              "pass": true,
              "fail": false,
              "pending": false,
              "context": null,
              "code": "cy.get('#distribution > a').click();\ncy.contains('Light Distribution').should('be.visible');\ncy.get('#light-distribution').should('exist');\ncy.contains('Temperature Distribution').should('be.visible');\ncy.get('#temperature-distribution').should('exist');\ncy.contains('Humidity Distribution').scrollIntoView().should('be.visible');\ncy.get('#humidity-distribution').scrollIntoView().should('exist');\ncy.contains('Pm2.5 Distribution').scrollIntoView().should('be.visible');\ncy.get('#pm-distribution').scrollIntoView().should('exist');",
              "err": {},
              "uuid": "96655ae8-4e52-434d-ab77-de87d9a8d201",
              "parentUUID": "f308933e-d02e-4b69-ac4f-a18e1911ef61",
              "isHook": false,
              "skipped": false
            },
            {
              "title": "TC_20: Verify that clicking on each Correlation menu item routes to the correct content/section",
              "fullTitle": "Statistic Page Tests TC_20: Verify that clicking on each Correlation menu item routes to the correct content/section",
              "timedOut": null,
              "duration": 361,
              "state": "passed",
              "speed": "fast",
              "pass": true,
              "fail": false,
              "pending": false,
              "context": null,
              "code": "cy.get('#correlation > a').click();\ncy.contains('Sensor Data Correlation').should('be.visible');",
              "err": {},
              "uuid": "e77a03d5-125e-40fb-8628-cf8edb8fc557",
              "parentUUID": "f308933e-d02e-4b69-ac4f-a18e1911ef61",
              "isHook": false,
              "skipped": false
            },
            {
              "title": "TC_23: Verify that weather correlation table is shown when Distribution menu is selected",
              "fullTitle": "Statistic Page Tests TC_23: Verify that weather correlation table is shown when Distribution menu is selected",
              "timedOut": null,
              "duration": 378,
              "state": "passed",
              "speed": "fast",
              "pass": true,
              "fail": false,
              "pending": false,
              "context": null,
              "code": "cy.get('#correlation > a').click();\ncy.get('#weather-correlation').should('exist');",
              "err": {},
              "uuid": "701173da-230d-4d4c-8646-29abfc51ee6a",
              "parentUUID": "f308933e-d02e-4b69-ac4f-a18e1911ef61",
              "isHook": false,
              "skipped": false
            }
          ],
          "suites": [],
          "passes": [
            "4b96c846-8bcf-4789-90c2-233180e07bed",
            "ca64fdbf-c437-497d-83cb-e1200b82af99",
            "0b9372a4-12ad-4992-b5e1-fb0267b57261",
            "214658f1-7782-4456-b16b-a39c0eab439c",
            "96655ae8-4e52-434d-ab77-de87d9a8d201",
            "e77a03d5-125e-40fb-8628-cf8edb8fc557",
            "701173da-230d-4d4c-8646-29abfc51ee6a"
          ],
          "failures": [],
          "pending": [],
          "skipped": [],
          "duration": 2672,
          "root": false,
          "rootEmpty": false,
          "_timeout": 2000
        }
      ],
      "passes": [],
      "failures": [],
      "pending": [],
      "skipped": [],
      "duration": 0,
      "root": true,
      "rootEmpty": true,
      "_timeout": 2000
    }
  ],
  "meta": {
    "mocha": {
      "version": "7.2.0"
    },
    "mochawesome": {
      "options": {
        "quiet": false,
        "reportFilename": "mochawesome",
        "saveHtml": false,
        "saveJson": true,
        "consoleReporter": "spec",
        "useInlineDiffs": false,
        "code": true
      },
      "version": "7.1.3"
    },
    "marge": {
      "options": {
        "reportDir": "cypress/reports",
        "overwrite": false,
        "html": false,
        "json": true
      },
      "version": "6.2.0"
    }
  }
}