{
  "stats": {
    "suites": 1,
    "tests": 2,
    "passes": 2,
    "pending": 0,
    "failures": 0,
    "start": "2025-04-16T07:58:04.592Z",
    "end": "2025-04-16T07:58:07.558Z",
    "duration": 2966,
    "testsRegistered": 2,
    "passPercent": 100,
    "pendingPercent": 0,
    "other": 0,
    "hasOther": false,
    "skipped": 0,
    "hasSkipped": false
  },
  "results": [
    {
      "uuid": "8b9bb617-ff84-4451-a0d0-52b3d85b64c1",
      "title": "",
      "fullFile": "cypress/e2e/navbar.cy.js",
      "file": "cypress/e2e/navbar.cy.js",
      "beforeHooks": [],
      "afterHooks": [],
      "tests": [],
      "suites": [
        {
          "uuid": "7c2ac615-768a-4ab2-a73d-d74dd56809cb",
          "title": "Navbar Functionality Test",
          "fullFile": "",
          "file": "",
          "beforeHooks": [],
          "afterHooks": [],
          "tests": [
            {
              "title": "TC_02: Verify Navbar renders all links correctly",
              "fullTitle": "Navbar Functionality Test TC_02: Verify Navbar renders all links correctly",
              "timedOut": null,
              "duration": 395,
              "state": "passed",
              "speed": "fast",
              "pass": true,
              "fail": false,
              "pending": false,
              "context": null,
              "code": "cy.get('#nav-overview > a').should('contain', 'Overview').and('have.attr', 'href', '/');\ncy.get('#nav-statistic > a').should('contain', 'Statistic').and('have.attr', 'href', '/statistic');\ncy.get('#nav-prediction > a').should('contain', 'Traffic Prediction').and('have.attr', 'href', '/prediction');",
              "err": {},
              "uuid": "19e1c508-e460-4dfb-a42f-7d47684d6a61",
              "parentUUID": "7c2ac615-768a-4ab2-a73d-d74dd56809cb",
              "isHook": false,
              "skipped": false
            },
            {
              "title": "TC_03: Verify clicking on a link routes to correct page",
              "fullTitle": "Navbar Functionality Test TC_03: Verify clicking on a link routes to correct page",
              "timedOut": null,
              "duration": 2403,
              "state": "passed",
              "speed": "fast",
              "pass": true,
              "fail": false,
              "pending": false,
              "context": null,
              "code": "cy.get('#nav-statistic > a').click();\ncy.url().should('include', '/statistic');\ncy.get('#nav-prediction > a').click();\ncy.url().should('include', '/prediction');\ncy.get('#nav-overview > a').click();\ncy.url().should('eq', 'http://localhost:3000/');",
              "err": {},
              "uuid": "12ceaf3d-9a7c-42b4-9a87-9c0b785e5dae",
              "parentUUID": "7c2ac615-768a-4ab2-a73d-d74dd56809cb",
              "isHook": false,
              "skipped": false
            }
          ],
          "suites": [],
          "passes": [
            "19e1c508-e460-4dfb-a42f-7d47684d6a61",
            "12ceaf3d-9a7c-42b4-9a87-9c0b785e5dae"
          ],
          "failures": [],
          "pending": [],
          "skipped": [],
          "duration": 2798,
          "root": false,
          "rootEmpty": false,
          "_timeout": 2000
        }
      ],
      "passes": [],
      "failures": [],
      "pending": [],
      "skipped": [],
      "duration": 0,
      "root": true,
      "rootEmpty": true,
      "_timeout": 2000
    }
  ],
  "meta": {
    "mocha": {
      "version": "7.2.0"
    },
    "mochawesome": {
      "options": {
        "quiet": false,
        "reportFilename": "mochawesome",
        "saveHtml": false,
        "saveJson": true,
        "consoleReporter": "spec",
        "useInlineDiffs": false,
        "code": true
      },
      "version": "7.1.3"
    },
    "marge": {
      "options": {
        "reportDir": "cypress/reports",
        "overwrite": false,
        "html": false,
        "json": true
      },
      "version": "6.2.0"
    }
  }
}