{
  "stats": {
    "suites": 1,
    "tests": 3,
    "passes": 3,
    "pending": 0,
    "failures": 0,
    "start": "2025-04-16T07:58:11.830Z",
    "end": "2025-04-16T07:58:14.338Z",
    "duration": 2508,
    "testsRegistered": 3,
    "passPercent": 100,
    "pendingPercent": 0,
    "other": 0,
    "hasOther": false,
    "skipped": 0,
    "hasSkipped": false
  },
  "results": [
    {
      "uuid": "8ce2ad88-0ead-402d-9971-eea22fa0a2a9",
      "title": "",
      "fullFile": "cypress/e2e/prediction.cy.js",
      "file": "cypress/e2e/prediction.cy.js",
      "beforeHooks": [],
      "afterHooks": [],
      "tests": [],
      "suites": [
        {
          "uuid": "1fa82b7e-f04c-4d71-affd-e6f55c6d07f4",
          "title": "Prediction Page Tests",
          "fullFile": "",
          "file": "",
          "beforeHooks": [],
          "afterHooks": [],
          "tests": [
            {
              "title": "TC_24: Verify that the weather input field is displayed",
              "fullTitle": "Prediction Page Tests TC_24: Verify that the weather input field is displayed",
              "timedOut": null,
              "duration": 330,
              "state": "passed",
              "speed": "fast",
              "pass": true,
              "fail": false,
              "pending": false,
              "context": null,
              "code": "cy.get('input').should('have.length', 4);\ncy.get('#light-input').should('exist');\ncy.get('#temperature-input').should('exist');\ncy.get('#humidity-input').should('exist');\ncy.get('#pm-input').should('exist');",
              "err": {},
              "uuid": "bfe55f2f-8a54-4b9a-8598-86e573e604bb",
              "parentUUID": "1fa82b7e-f04c-4d71-affd-e6f55c6d07f4",
              "isHook": false,
              "skipped": false
            },
            {
              "title": "TC_25: Verify that the weather input fields accept valid input and return correct values",
              "fullTitle": "Prediction Page Tests TC_25: Verify that the weather input fields accept valid input and return correct values",
              "timedOut": null,
              "duration": 822,
              "state": "passed",
              "speed": "fast",
              "pass": true,
              "fail": false,
              "pending": false,
              "context": null,
              "code": "cy.get('#light-input').type('270', {\n  force: true\n}).should('have.value', '270');\ncy.get('#temperature-input').type('70', {\n  force: true\n}).should('have.value', '70');\ncy.get('#humidity-input').type('35', {\n  force: true\n}).should('have.value', '35');\ncy.get('#pm-input').type('30', {\n  force: true\n}).should('have.value', '30');",
              "err": {},
              "uuid": "27fa8196-7b02-4bee-a0c2-5c54b15b6a21",
              "parentUUID": "1fa82b7e-f04c-4d71-affd-e6f55c6d07f4",
              "isHook": false,
              "skipped": false
            },
            {
              "title": "TC_27: Verify that the traffic flow prediction result is displayed",
              "fullTitle": "Prediction Page Tests TC_27: Verify that the traffic flow prediction result is displayed",
              "timedOut": null,
              "duration": 1264,
              "state": "passed",
              "speed": "fast",
              "pass": true,
              "fail": false,
              "pending": false,
              "context": null,
              "code": "cy.get('#light-input').type('270', {\n  force: true\n});\ncy.get('#temperature-input').type('70', {\n  force: true\n});\ncy.get('#humidity-input').type('35', {\n  force: true\n});\ncy.get('#pm-input').type('30', {\n  force: true\n});\ncy.get('#predict-button').click();\ncy.get('#prediction-card > .grid').should('exist');",
              "err": {},
              "uuid": "0c125fe0-2151-40ae-9875-709854c59409",
              "parentUUID": "1fa82b7e-f04c-4d71-affd-e6f55c6d07f4",
              "isHook": false,
              "skipped": false
            }
          ],
          "suites": [],
          "passes": [
            "bfe55f2f-8a54-4b9a-8598-86e573e604bb",
            "27fa8196-7b02-4bee-a0c2-5c54b15b6a21",
            "0c125fe0-2151-40ae-9875-709854c59409"
          ],
          "failures": [],
          "pending": [],
          "skipped": [],
          "duration": 2416,
          "root": false,
          "rootEmpty": false,
          "_timeout": 2000
        }
      ],
      "passes": [],
      "failures": [],
      "pending": [],
      "skipped": [],
      "duration": 0,
      "root": true,
      "rootEmpty": true,
      "_timeout": 2000
    }
  ],
  "meta": {
    "mocha": {
      "version": "7.2.0"
    },
    "mochawesome": {
      "options": {
        "quiet": false,
        "reportFilename": "mochawesome",
        "saveHtml": false,
        "saveJson": true,
        "consoleReporter": "spec",
        "useInlineDiffs": false,
        "code": true
      },
      "version": "7.1.3"
    },
    "marge": {
      "options": {
        "reportDir": "cypress/reports",
        "overwrite": false,
        "html": false,
        "json": true
      },
      "version": "6.2.0"
    }
  }
}