{
  "stats": {
    "suites": 1,
    "tests": 7,
    "passes": 7,
    "pending": 0,
    "failures": 0,
    "start": "2025-04-16T15:48:41.510Z",
    "end": "2025-04-16T15:48:46.344Z",
    "duration": 4834,
    "testsRegistered": 7,
    "passPercent": 100,
    "pendingPercent": 0,
    "other": 0,
    "hasOther": false,
    "skipped": 0,
    "hasSkipped": false
  },
  "results": [
    {
      "uuid": "ff3b7397-46ae-42bf-997f-09dfc7f2aae8",
      "title": "",
      "fullFile": "cypress/e2e/statistic.cy.js",
      "file": "cypress/e2e/statistic.cy.js",
      "beforeHooks": [],
      "afterHooks": [],
      "tests": [],
      "suites": [
        {
          "uuid": "3dcc6865-b323-404f-978f-2d233303ca69",
          "title": "Statistic Page Tests",
          "fullFile": "",
          "file": "",
          "beforeHooks": [],
          "afterHooks": [],
          "tests": [
            {
              "title": "Verify that the Menu Bar on the Statistic page exists",
              "fullTitle": "Statistic Page Tests Verify that the Menu Bar on the Statistic page exists",
              "timedOut": null,
              "duration": 379,
              "state": "passed",
              "speed": "fast",
              "pass": true,
              "fail": false,
              "pending": false,
              "context": null,
              "code": "cy.get('#statistic-menu-bar').should('exist');\ncy.get('#descriptive > a').should('exist');\ncy.get('#distribution > a').should('exist');\ncy.get('#correlation > a').should('exist');",
              "err": {},
              "uuid": "e7cc8f49-6a09-44d5-b095-f0ae4d75ed87",
              "parentUUID": "3dcc6865-b323-404f-978f-2d233303ca69",
              "isHook": false,
              "skipped": false
            },
            {
              "title": "Verify that Descriptive Component on the Menu Bar",
              "fullTitle": "Statistic Page Tests Verify that Descriptive Component on the Menu Bar",
              "timedOut": null,
              "duration": 860,
              "state": "passed",
              "speed": "fast",
              "pass": true,
              "fail": false,
              "pending": false,
              "context": null,
              "code": "cy.get('#descriptive > a').click();\ncy.contains('Sensor Data Descriptive').should('be.visible');",
              "err": {},
              "uuid": "c08b5fa3-bf7f-4e99-aacf-f00c72d743b2",
              "parentUUID": "3dcc6865-b323-404f-978f-2d233303ca69",
              "isHook": false,
              "skipped": false
            },
            {
              "title": "Verify that all weather descriptive data is shown when Descriptive menu is selected",
              "fullTitle": "Statistic Page Tests Verify that all weather descriptive data is shown when Descriptive menu is selected",
              "timedOut": null,
              "duration": 540,
              "state": "passed",
              "speed": "fast",
              "pass": true,
              "fail": false,
              "pending": false,
              "context": null,
              "code": "cy.get('#descriptive > a').click();\ncy.contains('Light').should('be.visible');\ncy.get('#light-descriptive-card > .card-body').should('exist');\ncy.contains('Temperature').should('be.visible');\ncy.get('#humidity-descriptive-card > .card-body').should('exist');\ncy.contains('Humidity').should('be.visible');\ncy.get('#temperature-descriptive-card > .card-body').should('exist');\ncy.contains('Pm 2.5').should('be.visible');\ncy.get('#pm-descriptive-card > .card-body').should('exist');",
              "err": {},
              "uuid": "e5095798-c878-41de-9561-8a10a7db8138",
              "parentUUID": "3dcc6865-b323-404f-978f-2d233303ca69",
              "isHook": false,
              "skipped": false
            },
            {
              "title": "Verify that clicking on each Distribution menu item routes to the correct content/section",
              "fullTitle": "Statistic Page Tests Verify that clicking on each Distribution menu item routes to the correct content/section",
              "timedOut": null,
              "duration": 641,
              "state": "passed",
              "speed": "fast",
              "pass": true,
              "fail": false,
              "pending": false,
              "context": null,
              "code": "cy.get('#distribution > a').click();\ncy.contains('Sensor Data Distribution').should('be.visible');",
              "err": {},
              "uuid": "1cc12820-fc65-4521-99da-7acbba5ff56f",
              "parentUUID": "3dcc6865-b323-404f-978f-2d233303ca69",
              "isHook": false,
              "skipped": false
            },
            {
              "title": "Verify that all distribution chart is shown when Distribution menu is selected",
              "fullTitle": "Statistic Page Tests Verify that all distribution chart is shown when Distribution menu is selected",
              "timedOut": null,
              "duration": 860,
              "state": "passed",
              "speed": "fast",
              "pass": true,
              "fail": false,
              "pending": false,
              "context": null,
              "code": "cy.get('#distribution > a').click();\ncy.contains('Light Distribution').should('be.visible');\ncy.get('#light-distribution').should('exist');\ncy.contains('Temperature Distribution').should('be.visible');\ncy.get('#temperature-distribution').should('exist');\ncy.contains('Humidity Distribution').scrollIntoView().should('be.visible');\ncy.get('#humidity-distribution').scrollIntoView().should('exist');\ncy.contains('Pm2.5 Distribution').scrollIntoView().should('be.visible');\ncy.get('#pm-distribution').scrollIntoView().should('exist');",
              "err": {},
              "uuid": "06a4a4d9-9f1f-4f0b-ade3-f013168ca36d",
              "parentUUID": "3dcc6865-b323-404f-978f-2d233303ca69",
              "isHook": false,
              "skipped": false
            },
            {
              "title": "Verify that clicking on each Correlation menu item routes to the correct content/section",
              "fullTitle": "Statistic Page Tests Verify that clicking on each Correlation menu item routes to the correct content/section",
              "timedOut": null,
              "duration": 640,
              "state": "passed",
              "speed": "fast",
              "pass": true,
              "fail": false,
              "pending": false,
              "context": null,
              "code": "cy.get('#correlation > a').click();\ncy.contains('Sensor Data Correlation').should('be.visible');",
              "err": {},
              "uuid": "8b0d7fa8-ab16-48bf-9570-bf0d64acf728",
              "parentUUID": "3dcc6865-b323-404f-978f-2d233303ca69",
              "isHook": false,
              "skipped": false
            },
            {
              "title": "Verify that weather correlation table is shown when Distribution menu is selected",
              "fullTitle": "Statistic Page Tests Verify that weather correlation table is shown when Distribution menu is selected",
              "timedOut": null,
              "duration": 717,
              "state": "passed",
              "speed": "fast",
              "pass": true,
              "fail": false,
              "pending": false,
              "context": null,
              "code": "cy.get('#correlation > a').click();\ncy.get('#weather-correlation').should('exist');",
              "err": {},
              "uuid": "59764acd-d963-4b9b-9cbd-5d102c7a1285",
              "parentUUID": "3dcc6865-b323-404f-978f-2d233303ca69",
              "isHook": false,
              "skipped": false
            }
          ],
          "suites": [],
          "passes": [
            "e7cc8f49-6a09-44d5-b095-f0ae4d75ed87",
            "c08b5fa3-bf7f-4e99-aacf-f00c72d743b2",
            "e5095798-c878-41de-9561-8a10a7db8138",
            "1cc12820-fc65-4521-99da-7acbba5ff56f",
            "06a4a4d9-9f1f-4f0b-ade3-f013168ca36d",
            "8b0d7fa8-ab16-48bf-9570-bf0d64acf728",
            "59764acd-d963-4b9b-9cbd-5d102c7a1285"
          ],
          "failures": [],
          "pending": [],
          "skipped": [],
          "duration": 4637,
          "root": false,
          "rootEmpty": false,
          "_timeout": 2000
        }
      ],
      "passes": [],
      "failures": [],
      "pending": [],
      "skipped": [],
      "duration": 0,
      "root": true,
      "rootEmpty": true,
      "_timeout": 2000
    }
  ],
  "meta": {
    "mocha": {
      "version": "7.2.0"
    },
    "mochawesome": {
      "options": {
        "quiet": false,
        "reportFilename": "mochawesome",
        "saveHtml": false,
        "saveJson": true,
        "consoleReporter": "spec",
        "useInlineDiffs": false,
        "code": true
      },
      "version": "7.1.3"
    },
    "marge": {
      "options": {
        "reportDir": "cypress/reports",
        "overwrite": false,
        "html": false,
        "json": true
      },
      "version": "6.2.0"
    }
  }
}