{
  "stats": {
    "suites": 1,
    "tests": 2,
    "passes": 2,
    "pending": 0,
    "failures": 0,
    "start": "2025-04-16T15:48:22.769Z",
    "end": "2025-04-16T15:48:31.729Z",
    "duration": 8960,
    "testsRegistered": 2,
    "passPercent": 100,
    "pendingPercent": 0,
    "other": 0,
    "hasOther": false,
    "skipped": 0,
    "hasSkipped": false
  },
  "results": [
    {
      "uuid": "9c69629b-4fcb-4faa-b013-04728499485a",
      "title": "",
      "fullFile": "cypress/e2e/navbar.cy.js",
      "file": "cypress/e2e/navbar.cy.js",
      "beforeHooks": [],
      "afterHooks": [],
      "tests": [],
      "suites": [
        {
          "uuid": "56195fb8-d10d-448a-b9ed-66bb5ce98cb2",
          "title": "Navbar Functionality Test",
          "fullFile": "",
          "file": "",
          "beforeHooks": [],
          "afterHooks": [],
          "tests": [
            {
              "title": "Verify Navbar renders all links correctly",
              "fullTitle": "Navbar Functionality Test Verify Navbar renders all links correctly",
              "timedOut": null,
              "duration": 3889,
              "state": "passed",
              "speed": "fast",
              "pass": true,
              "fail": false,
              "pending": false,
              "context": null,
              "code": "cy.get('#nav-overview > a').should('contain', 'Overview').and('have.attr', 'href', '/');\ncy.get('#nav-statistic > a').should('contain', 'Statistic').and('have.attr', 'href', '/statistic');\ncy.get('#nav-prediction > a').should('contain', 'Traffic Prediction').and('have.attr', 'href', '/prediction');",
              "err": {},
              "uuid": "6dcd5307-3b57-4de1-9537-0703b71045c7",
              "parentUUID": "56195fb8-d10d-448a-b9ed-66bb5ce98cb2",
              "isHook": false,
              "skipped": false
            },
            {
              "title": "Verify clicking on a link routes to correct page",
              "fullTitle": "Navbar Functionality Test Verify clicking on a link routes to correct page",
              "timedOut": null,
              "duration": 4908,
              "state": "passed",
              "speed": "fast",
              "pass": true,
              "fail": false,
              "pending": false,
              "context": null,
              "code": "cy.get('#nav-statistic > a').click();\ncy.url().should('include', '/statistic');\ncy.get('#nav-prediction > a').click();\ncy.url().should('include', '/prediction');\ncy.get('#nav-overview > a').click();\ncy.url().should('eq', 'http://localhost:3000/');",
              "err": {},
              "uuid": "376bbded-49c5-43bb-ade8-7b0860fecceb",
              "parentUUID": "56195fb8-d10d-448a-b9ed-66bb5ce98cb2",
              "isHook": false,
              "skipped": false
            }
          ],
          "suites": [],
          "passes": [
            "6dcd5307-3b57-4de1-9537-0703b71045c7",
            "376bbded-49c5-43bb-ade8-7b0860fecceb"
          ],
          "failures": [],
          "pending": [],
          "skipped": [],
          "duration": 8797,
          "root": false,
          "rootEmpty": false,
          "_timeout": 2000
        }
      ],
      "passes": [],
      "failures": [],
      "pending": [],
      "skipped": [],
      "duration": 0,
      "root": true,
      "rootEmpty": true,
      "_timeout": 2000
    }
  ],
  "meta": {
    "mocha": {
      "version": "7.2.0"
    },
    "mochawesome": {
      "options": {
        "quiet": false,
        "reportFilename": "mochawesome",
        "saveHtml": false,
        "saveJson": true,
        "consoleReporter": "spec",
        "useInlineDiffs": false,
        "code": true
      },
      "version": "7.1.3"
    },
    "marge": {
      "options": {
        "reportDir": "cypress/reports",
        "overwrite": false,
        "html": false,
        "json": true
      },
      "version": "6.2.0"
    }
  }
}