{
  "stats": {
    "suites": 1,
    "tests": 4,
    "passes": 4,
    "pending": 0,
    "failures": 0,
    "start": "2025-04-16T15:48:33.191Z",
    "end": "2025-04-16T15:48:36.003Z",
    "duration": 2812,
    "testsRegistered": 4,
    "passPercent": 100,
    "pendingPercent": 0,
    "other": 0,
    "hasOther": false,
    "skipped": 0,
    "hasSkipped": false
  },
  "results": [
    {
      "uuid": "9fc6e91d-3dc7-4bec-9b23-32c240603334",
      "title": "",
      "fullFile": "cypress/e2e/overview.cy.js",
      "file": "cypress/e2e/overview.cy.js",
      "beforeHooks": [],
      "afterHooks": [],
      "tests": [],
      "suites": [
        {
          "uuid": "022ebe11-290e-4a0e-9acf-1990de823373",
          "title": "Overview Page Test",
          "fullFile": "",
          "file": "",
          "beforeHooks": [],
          "afterHooks": [],
          "tests": [
            {
              "title": "Verify the light vs Speed chart displays",
              "fullTitle": "Overview Page Test Verify the light vs Speed chart displays",
              "timedOut": null,
              "duration": 428,
              "state": "passed",
              "speed": "fast",
              "pass": true,
              "fail": false,
              "pending": false,
              "context": null,
              "code": "cy.contains('Light vs Speed').scrollIntoView().should('be.visible');\ncy.get('#light-speed-chart').scrollIntoView().should('exist');",
              "err": {},
              "uuid": "1f1e678a-56f9-4f5f-bd75-5abb2163eeb4",
              "parentUUID": "022ebe11-290e-4a0e-9acf-1990de823373",
              "isHook": false,
              "skipped": false
            },
            {
              "title": "Verify the PM2.5 vs Travel Time chart displays",
              "fullTitle": "Overview Page Test Verify the PM2.5 vs Travel Time chart displays",
              "timedOut": null,
              "duration": 369,
              "state": "passed",
              "speed": "fast",
              "pass": true,
              "fail": false,
              "pending": false,
              "context": null,
              "code": "cy.contains('PM2.5 vs Travel Time').scrollIntoView().should('be.visible');\ncy.get('#pm-time-chart').scrollIntoView().should('exist');",
              "err": {},
              "uuid": "ecebc978-0d58-44f1-bba9-4cce068a165a",
              "parentUUID": "022ebe11-290e-4a0e-9acf-1990de823373",
              "isHook": false,
              "skipped": false
            },
            {
              "title": "Verify the PM2.5 vs Speed chart displays correctly based on data",
              "fullTitle": "Overview Page Test Verify the PM2.5 vs Speed chart displays correctly based on data",
              "timedOut": null,
              "duration": 418,
              "state": "passed",
              "speed": "fast",
              "pass": true,
              "fail": false,
              "pending": false,
              "context": null,
              "code": "cy.contains('PM2.5 vs Speed').should('be.visible');\ncy.get('#pm-speed-chart').should('exist');",
              "err": {},
              "uuid": "52db7f24-a422-4618-a3b9-34ac8e82331b",
              "parentUUID": "022ebe11-290e-4a0e-9acf-1990de823373",
              "isHook": false,
              "skipped": false
            },
            {
              "title": "Verify the Correlation Matrix table displays correctly based on data",
              "fullTitle": "Overview Page Test Verify the Correlation Matrix table displays correctly based on data",
              "timedOut": null,
              "duration": 1293,
              "state": "passed",
              "speed": "fast",
              "pass": true,
              "fail": false,
              "pending": false,
              "context": null,
              "code": "cy.contains('Correlation Matrix').should('be.visible');\ncy.get('#traffic-weather-correlation').should('exist');\ncy.get('#traffic-weather-correlation').within(() => {\n  cy.contains('current_speed').should('exist');\n  cy.contains('pm2_5').should('exist');\n  cy.contains('1.00').should('exist');\n});",
              "err": {},
              "uuid": "d6252f0d-0878-45a2-9a67-5d9c933f0ab7",
              "parentUUID": "022ebe11-290e-4a0e-9acf-1990de823373",
              "isHook": false,
              "skipped": false
            }
          ],
          "suites": [],
          "passes": [
            "1f1e678a-56f9-4f5f-bd75-5abb2163eeb4",
            "ecebc978-0d58-44f1-bba9-4cce068a165a",
            "52db7f24-a422-4618-a3b9-34ac8e82331b",
            "d6252f0d-0878-45a2-9a67-5d9c933f0ab7"
          ],
          "failures": [],
          "pending": [],
          "skipped": [],
          "duration": 2508,
          "root": false,
          "rootEmpty": false,
          "_timeout": 2000
        }
      ],
      "passes": [],
      "failures": [],
      "pending": [],
      "skipped": [],
      "duration": 0,
      "root": true,
      "rootEmpty": true,
      "_timeout": 2000
    }
  ],
  "meta": {
    "mocha": {
      "version": "7.2.0"
    },
    "mochawesome": {
      "options": {
        "quiet": false,
        "reportFilename": "mochawesome",
        "saveHtml": false,
        "saveJson": true,
        "consoleReporter": "spec",
        "useInlineDiffs": false,
        "code": true
      },
      "version": "7.1.3"
    },
    "marge": {
      "options": {
        "reportDir": "cypress/reports",
        "overwrite": false,
        "html": false,
        "json": true
      },
      "version": "6.2.0"
    }
  }
}