{
  "stats": {
    "suites": 1,
    "tests": 7,
    "passes": 7,
    "pending": 0,
    "failures": 0,
    "start": "2025-04-16T07:58:15.329Z",
    "end": "2025-04-16T07:58:18.176Z",
    "duration": 2847,
    "testsRegistered": 7,
    "passPercent": 100,
    "pendingPercent": 0,
    "other": 0,
    "hasOther": false,
    "skipped": 0,
    "hasSkipped": false
  },
  "results": [
    {
      "uuid": "3ba5f1af-657d-44c2-a7d0-91f26eaad63b",
      "title": "",
      "fullFile": "cypress/e2e/statistic.cy.js",
      "file": "cypress/e2e/statistic.cy.js",
      "beforeHooks": [],
      "afterHooks": [],
      "tests": [],
      "suites": [
        {
          "uuid": "f308933e-d02e-4b69-ac4f-a18e1911ef61",
          "title": "Statistic Page Tests",
          "fullFile": "",
          "file": "",
          "beforeHooks": [],
          "afterHooks": [],
          "tests": [
            {
              "title": "TC_11: Verify that the Menu Bar on the Statistic page exists",
              "fullTitle": "Statistic Page Tests TC_11: Verify that the Menu Bar on the Statistic page exists",
              "timedOut": null,
              "duration": 339,
              "state": "passed",
              "speed": "fast",
              "pass": true,
              "fail": false,
              "pending": false,
              "context": null,
              "code": "cy.get('#statistic-menu-bar').should('exist');\ncy.get('#descriptive > a').should('exist');\ncy.get('#distribution > a').should('exist');\ncy.get('#correlation > a').should('exist');",
              "err": {},
              "uuid": "4b96c846-8bcf-4789-90c2-233180e07bed",
              "parentUUID": "f308933e-d02e-4b69-ac4f-a18e1911ef61",
              "isHook": false,
              "skipped": false
            },
            {
              "title": "TC_12: Verify that Descriptive Component on the Menu Bar",
              "fullTitle": "Statistic Page Tests TC_12: Verify that Descriptive Component on the Menu Bar",
              "timedOut": null,
              "duration": 400,
              "state": "passed",
              "speed": "fast",
              "pass": true,
              "fail": false,
              "pending": false,
              "context": null,
              "code": "cy.get('#descriptive > a').click();\ncy.contains('Sensor Data Descriptive').should('be.visible');",
              "err": {},
              "uuid": "ca64fdbf-c437-497d-83cb-e1200b82af99",
              "parentUUID": "f308933e-d02e-4b69-ac4f-a18e1911ef61",
              "isHook": false,
              "skipped": false
            },
            {
              "title": "TC_15: Verify that all weather descriptive data is shown when Descriptive menu is selected",
              "fullTitle": "Statistic Page Tests TC_15: Verify that all weather descriptive data is shown when Descriptive menu is selected",
              "timedOut": null,
              "duration": 365,
              "state": "passed",
              "speed": "fast",
              "pass": true,
              "fail": false,
              "pending": false,
              "context": null,
              "code": "cy.get('#descriptive > a').click();\ncy.contains('Light').should('be.visible');\ncy.get('#light-descriptive-card > .card-body').should('exist');\ncy.contains('Temperature').should('be.visible');\ncy.get('#humidity-descriptive-card > .card-body').should('exist');\ncy.contains('Humidity').should('be.visible');\ncy.get('#temperature-descriptive-card > .card-body').should('exist');\ncy.contains('Pm 2.5').should('be.visible');\ncy.get('#pm-descriptive-card > .card-body').should('exist');",
              "err": {},
              "uuid": "0b9372a4-12ad-4992-b5e1-fb0267b57261",
              "parentUUID": "f308933e-d02e-4b69-ac4f-a18e1911ef61",
              "isHook": false,
              "skipped": false
            },
            {
              "title": "TC_16: Verify that clicking on each Distribution menu item routes to the correct content/section",
              "fullTitle": "Statistic Page Tests TC_16: Verify that clicking on each Distribution menu item routes to the correct content/section",
              "timedOut": null,
              "duration": 388,
              "state": "passed",
              "speed": "fast",
              "pass": true,
              "fail": false,
              "pending": false,
              "context": null,
              "code": "cy.get('#distribution > a').click();\ncy.contains('Sensor Data Distribution').should('be.visible');",
              "err": {},
              "uuid": "214658f1-7782-4456-b16b-a39c0eab439c",
              "parentUUID": "f308933e-d02e-4b69-ac4f-a18e1911ef61",
              "isHook": false,
              "skipped": false
            },
            {
              "title": "TC_19: Verify that all distribution chart is shown when Distribution menu is selected",
              "fullTitle": "Statistic Page Tests TC_19: Verify that all distribution chart is shown when Distribution menu is selected",
              "timedOut": null,
              "duration": 441,
              "state": "passed",
              "speed": "fast",
              "pass": true,
              "fail": false,
              "pending": false,
              "context": null,
              "code": "cy.get('#distribution > a').click();\ncy.contains('Light Distribution').should('be.visible');\ncy.get('#light-distribution').should('exist');\ncy.contains('Temperature Distribution').should('be.visible');\ncy.get('#temperature-distribution').should('exist');\ncy.contains('Humidity Distribution').scrollIntoView().should('be.visible');\ncy.get('#humidity-distribution').scrollIntoView().should('exist');\ncy.contains('Pm2.5 Distribution').scrollIntoView().should('be.visible');\ncy.get('#pm-distribution').scrollIntoView().should('exist');",
              "err": {},
              "uuid": "96655ae8-4e52-434d-ab77-de87d9a8d201",
              "parentUUID": "f308933e-d02e-4b69-ac4f-a18e1911ef61",
              "isHook": false,
              "skipped": false
            },
            {
              "title": "TC_20: Verify that clicking on each Correlation menu item routes to the correct content/section",
              "fullTitle": "Statistic Page Tests TC_20: Verify that clicking on each Correlation menu item routes to the correct content/section",
              "timedOut": null,
              "duration": 361,
              "state": "passed",
              "speed": "fast",
              "pass": true,
              "fail": false,
              "pending": false,
              "context": null,
              "code": "cy.get('#correlation > a').click();\ncy.contains('Sensor Data Correlation').should('be.visible');",
              "err": {},
              "uuid": "e77a03d5-125e-40fb-8628-cf8edb8fc557",
              "parentUUID": "f308933e-d02e-4b69-ac4f-a18e1911ef61",
              "isHook": false,
              "skipped": false
            },
            {
              "title": "TC_23: Verify that weather correlation table is shown when Distribution menu is selected",
              "fullTitle": "Statistic Page Tests TC_23: Verify that weather correlation table is shown when Distribution menu is selected",
              "timedOut": null,
              "duration": 378,
              "state": "passed",
              "speed": "fast",
              "pass": true,
              "fail": false,
              "pending": false,
              "context": null,
              "code": "cy.get('#correlation > a').click();\ncy.get('#weather-correlation').should('exist');",
              "err": {},
              "uuid": "701173da-230d-4d4c-8646-29abfc51ee6a",
              "parentUUID": "f308933e-d02e-4b69-ac4f-a18e1911ef61",
              "isHook": false,
              "skipped": false
            }
          ],
          "suites": [],
          "passes": [
            "4b96c846-8bcf-4789-90c2-233180e07bed",
            "ca64fdbf-c437-497d-83cb-e1200b82af99",
            "0b9372a4-12ad-4992-b5e1-fb0267b57261",
            "214658f1-7782-4456-b16b-a39c0eab439c",
            "96655ae8-4e52-434d-ab77-de87d9a8d201",
            "e77a03d5-125e-40fb-8628-cf8edb8fc557",
            "701173da-230d-4d4c-8646-29abfc51ee6a"
          ],
          "failures": [],
          "pending": [],
          "skipped": [],
          "duration": 2672,
          "root": false,
          "rootEmpty": false,
          "_timeout": 2000
        }
      ],
      "passes": [],
      "failures": [],
      "pending": [],
      "skipped": [],
      "duration": 0,
      "root": true,
      "rootEmpty": true,
      "_timeout": 2000
    }
  ],
  "meta": {
    "mocha": {
      "version": "7.2.0"
    },
    "mochawesome": {
      "options": {
        "quiet": false,
        "reportFilename": "mochawesome",
        "saveHtml": false,
        "saveJson": true,
        "consoleReporter": "spec",
        "useInlineDiffs": false,
        "code": true
      },
      "version": "7.1.3"
    },
    "marge": {
      "options": {
        "reportDir": "cypress/reports",
        "overwrite": false,
        "html": false,
        "json": true
      },
      "version": "6.2.0"
    }
  }
}