{
  "stats": {
    "suites": 1,
    "tests": 3,
    "passes": 3,
    "pending": 0,
    "failures": 0,
    "start": "2025-04-16T15:48:37.222Z",
    "end": "2025-04-16T15:48:40.114Z",
    "duration": 2892,
    "testsRegistered": 3,
    "passPercent": 100,
    "pendingPercent": 0,
    "other": 0,
    "hasOther": false,
    "skipped": 0,
    "hasSkipped": false
  },
  "results": [
    {
      "uuid": "5e41ebc1-fabb-4d82-8756-42e3f440361f",
      "title": "",
      "fullFile": "cypress/e2e/prediction.cy.js",
      "file": "cypress/e2e/prediction.cy.js",
      "beforeHooks": [],
      "afterHooks": [],
      "tests": [],
      "suites": [
        {
          "uuid": "4cfeec0d-0876-442f-80ab-e013aba5fd85",
          "title": "Prediction Page Tests",
          "fullFile": "",
          "file": "",
          "beforeHooks": [],
          "afterHooks": [],
          "tests": [
            {
              "title": "Verify that the weather input field is displayed",
              "fullTitle": "Prediction Page Tests Verify that the weather input field is displayed",
              "timedOut": null,
              "duration": 395,
              "state": "passed",
              "speed": "fast",
              "pass": true,
              "fail": false,
              "pending": false,
              "context": null,
              "code": "cy.get('input').should('have.length', 4);\ncy.get('#light-input').should('exist');\ncy.get('#temperature-input').should('exist');\ncy.get('#humidity-input').should('exist');\ncy.get('#pm-input').should('exist');",
              "err": {},
              "uuid": "02722716-3807-4c6c-a591-c0f88fa9085c",
              "parentUUID": "4cfeec0d-0876-442f-80ab-e013aba5fd85",
              "isHook": false,
              "skipped": false
            },
            {
              "title": "Verify that the weather input fields accept valid input and return correct values",
              "fullTitle": "Prediction Page Tests Verify that the weather input fields accept valid input and return correct values",
              "timedOut": null,
              "duration": 1159,
              "state": "passed",
              "speed": "fast",
              "pass": true,
              "fail": false,
              "pending": false,
              "context": null,
              "code": "cy.get('#light-input').type('270', {\n  force: true\n}).should('have.value', '270');\ncy.get('#temperature-input').type('70', {\n  force: true\n}).should('have.value', '70');\ncy.get('#humidity-input').type('35', {\n  force: true\n}).should('have.value', '35');\ncy.get('#pm-input').type('30', {\n  force: true\n}).should('have.value', '30');",
              "err": {},
              "uuid": "b05ddb3a-d47d-4320-b020-ea2000bd050f",
              "parentUUID": "4cfeec0d-0876-442f-80ab-e013aba5fd85",
              "isHook": false,
              "skipped": false
            },
            {
              "title": "Verify that the traffic flow prediction result is displayed",
              "fullTitle": "Prediction Page Tests Verify that the traffic flow prediction result is displayed",
              "timedOut": null,
              "duration": 1248,
              "state": "passed",
              "speed": "fast",
              "pass": true,
              "fail": false,
              "pending": false,
              "context": null,
              "code": "cy.get('#light-input').type('270', {\n  force: true\n});\ncy.get('#temperature-input').type('70', {\n  force: true\n});\ncy.get('#humidity-input').type('35', {\n  force: true\n});\ncy.get('#pm-input').type('30', {\n  force: true\n});\ncy.get('#predict-button').click();\ncy.get('#prediction-card > .grid').should('exist');",
              "err": {},
              "uuid": "e73b20ed-bb82-45a9-bc13-570f2ff08e97",
              "parentUUID": "4cfeec0d-0876-442f-80ab-e013aba5fd85",
              "isHook": false,
              "skipped": false
            }
          ],
          "suites": [],
          "passes": [
            "02722716-3807-4c6c-a591-c0f88fa9085c",
            "b05ddb3a-d47d-4320-b020-ea2000bd050f",
            "e73b20ed-bb82-45a9-bc13-570f2ff08e97"
          ],
          "failures": [],
          "pending": [],
          "skipped": [],
          "duration": 2802,
          "root": false,
          "rootEmpty": false,
          "_timeout": 2000
        }
      ],
      "passes": [],
      "failures": [],
      "pending": [],
      "skipped": [],
      "duration": 0,
      "root": true,
      "rootEmpty": true,
      "_timeout": 2000
    }
  ],
  "meta": {
    "mocha": {
      "version": "7.2.0"
    },
    "mochawesome": {
      "options": {
        "quiet": false,
        "reportFilename": "mochawesome",
        "saveHtml": false,
        "saveJson": true,
        "consoleReporter": "spec",
        "useInlineDiffs": false,
        "code": true
      },
      "version": "7.1.3"
    },
    "marge": {
      "options": {
        "reportDir": "cypress/reports",
        "overwrite": false,
        "html": false,
        "json": true
      },
      "version": "6.2.0"
    }
  }
}